<?xml version="1.0" encoding="UTF-8"?>
<!-- Generated by org.testng.reporters.JUnitReportReporter -->
<testsuite skipped="0" hostname="DESKTOP-MGLQSO3" name="com.insticator.automationtask.testcases.UserCreationTestCase" tests="1" failures="0" timestamp="2020-06-23T08:53:37 IST" time="126.433" errors="0">
  <testcase name="createUserAndValidate" time="126.433" classname="com.insticator.automationtask.testcases.UserCreationTestCase"/>
  <system-out/>
</testsuite> <!-- com.insticator.automationtask.testcases.UserCreationTestCase -->
