<?xml version="1.0" encoding="UTF-8"?>
<!-- Generated by org.testng.reporters.JUnitReportReporter -->
<testsuite skipped="0" hostname="DESKTOP-MGLQSO3" name="com.insticator.automationtask.testcases.OrderAProductTestCase" tests="1" failures="0" timestamp="2020-06-24T19:14:00 IST" time="42.095" errors="0">
  <testcase name="productPurchaseAndValidate" time="42.095" classname="com.insticator.automationtask.testcases.OrderAProductTestCase"/>
  <system-out/>
</testsuite> <!-- com.insticator.automationtask.testcases.OrderAProductTestCase -->
