<?xml version="1.0" encoding="UTF-8"?>
<!-- Generated by org.testng.reporters.JUnitReportReporter -->
<testsuite skipped="0" hostname="DESKTOP-MGLQSO3" name="com.insticator.automationtask.testcases.OrderAProductTestCase" tests="1" failures="0" timestamp="2020-06-23T09:12:06 IST" time="83.171" errors="0">
  <testcase name="productPurchaseAndValidate" time="83.171" classname="com.insticator.automationtask.testcases.OrderAProductTestCase"/>
  <system-out/>
</testsuite> <!-- com.insticator.automationtask.testcases.OrderAProductTestCase -->
